#! /c/Source/iverilog-install/bin/vvp
:ivl_version "12.0 (devel)" "(s20150603-1539-g2693dd32b)";
:ivl_delay_selection "TYPICAL";
:vpi_time_precision - 12;
:vpi_module "C:\iverilog\lib\ivl\system.vpi";
:vpi_module "C:\iverilog\lib\ivl\vhdl_sys.vpi";
:vpi_module "C:\iverilog\lib\ivl\vhdl_textio.vpi";
:vpi_module "C:\iverilog\lib\ivl\v2005_math.vpi";
:vpi_module "C:\iverilog\lib\ivl\va_math.vpi";
S_0000023b640cac00 .scope module, "D_FF" "D_FF" 2 21;
 .timescale -9 -12;
    .port_info 0 /INPUT 1 "Clk";
    .port_info 1 /INPUT 1 "D";
    .port_info 2 /OUTPUT 1 "Q";
o0000023b640cf568 .functor BUFZ 1, C4<z>; HiZ drive
v0000023b640c2d50_0 .net "Clk", 0 0, o0000023b640cf568;  0 drivers
o0000023b640cf598 .functor BUFZ 1, C4<z>; HiZ drive
v0000023b640c4790_0 .net "D", 0 0, o0000023b640cf598;  0 drivers
v0000023b640c2df0_0 .var "Q", 0 0;
E_0000023b640b69b0 .event posedge, v0000023b640c2d50_0;
S_0000023b64077f90 .scope module, "Debounce" "Debounce" 3 1;
 .timescale -9 -12;
    .port_info 0 /INPUT 1 "Clk";
    .port_info 1 /INPUT 1 "Key";
    .port_info 2 /OUTPUT 1 "oDeb";
o0000023b640cf688 .functor BUFZ 1, C4<z>; HiZ drive
v0000023b640c2ad0_0 .net "Clk", 0 0, o0000023b640cf688;  0 drivers
o0000023b640cf6b8 .functor BUFZ 1, C4<z>; HiZ drive
v0000023b640c37f0_0 .net "Key", 0 0, o0000023b640cf6b8;  0 drivers
v0000023b640c3570_0 .var "ShiftReg", 3 0;
v0000023b640c3750_0 .var "oDeb", 0 0;
E_0000023b640b7330 .event posedge, v0000023b640c2ad0_0;
S_0000023b64078120 .scope module, "Top_tb" "Top_tb" 4 3;
 .timescale -9 -12;
v0000023b64117730_0 .var "clk", 0 0;
v0000023b64116b50_0 .var "dip", 6 0;
v0000023b64116830_0 .net "guess", 6 0, v0000023b641154a0_0;  1 drivers
v0000023b641183b0_0 .net "hundred", 6 0, v0000023b640c4150_0;  1 drivers
v0000023b641175f0_0 .net "led", 6 0, v0000023b64114960_0;  1 drivers
v0000023b641166f0_0 .net "one", 6 0, v0000023b640c2f30_0;  1 drivers
v0000023b64116e70_0 .var "restart", 0 0;
v0000023b641170f0_0 .var "rstn", 0 0;
v0000023b64118450_0 .var "start", 0 0;
v0000023b64116d30_0 .var "stop", 0 0;
v0000023b64117190_0 .net "ten", 6 0, v0000023b640c3cf0_0;  1 drivers
E_0000023b640b6e70 .event posedge, v0000023b640c3430_0;
S_0000023b6406e0a0 .scope module, "uut" "Top" 4 21, 5 1 0, S_0000023b64078120;
 .timescale -9 -12;
    .port_info 0 /INPUT 1 "clk";
    .port_info 1 /INPUT 1 "rstn";
    .port_info 2 /INPUT 1 "restart";
    .port_info 3 /INPUT 7 "dip";
    .port_info 4 /INPUT 1 "start";
    .port_info 5 /INPUT 1 "stop";
    .port_info 6 /OUTPUT 7 "guess";
    .port_info 7 /OUTPUT 7 "led";
    .port_info 8 /OUTPUT 7 "one";
    .port_info 9 /OUTPUT 7 "ten";
    .port_info 10 /OUTPUT 7 "hundred";
P_0000023b640b86f0 .param/l "GEN_NUM" 0 5 15, C4<01>;
P_0000023b640b8728 .param/l "SET_NUM" 0 5 15, C4<00>;
P_0000023b640b8760 .param/l "SHOW_NUM" 0 5 15, C4<10>;
L_0000023b640c5270 .functor BUFZ 8, v0000023b64115720_0, C4<00000000>, C4<00000000>, C4<00000000>;
v0000023b64116260_0 .net *"_ivl_10", 0 0, L_0000023b64117410;  1 drivers
v0000023b64115cc0_0 .net *"_ivl_11", 6 0, L_0000023b64118090;  1 drivers
L_0000023b644d20a8 .functor BUFT 1, C4<000000>, C4<0>, C4<0>, C4<0>;
v0000023b64115040_0 .net *"_ivl_14", 5 0, L_0000023b644d20a8;  1 drivers
v0000023b641152c0_0 .net *"_ivl_16", 0 0, L_0000023b64117550;  1 drivers
v0000023b64115180_0 .net *"_ivl_17", 6 0, L_0000023b64117a50;  1 drivers
L_0000023b644d20f0 .functor BUFT 1, C4<000000>, C4<0>, C4<0>, C4<0>;
v0000023b64114be0_0 .net *"_ivl_20", 5 0, L_0000023b644d20f0;  1 drivers
v0000023b641155e0_0 .net *"_ivl_21", 6 0, L_0000023b64117cd0;  1 drivers
v0000023b64115e00_0 .net *"_ivl_24", 0 0, L_0000023b64117230;  1 drivers
v0000023b641148c0_0 .net *"_ivl_25", 6 0, L_0000023b64117b90;  1 drivers
L_0000023b644d2138 .functor BUFT 1, C4<000000>, C4<0>, C4<0>, C4<0>;
v0000023b64115400_0 .net *"_ivl_28", 5 0, L_0000023b644d2138;  1 drivers
v0000023b64114aa0_0 .net *"_ivl_29", 6 0, L_0000023b641168d0;  1 drivers
v0000023b64114b40_0 .net *"_ivl_32", 0 0, L_0000023b64116790;  1 drivers
v0000023b64116080_0 .net *"_ivl_33", 6 0, L_0000023b64116bf0;  1 drivers
L_0000023b644d2180 .functor BUFT 1, C4<000000>, C4<0>, C4<0>, C4<0>;
v0000023b64115360_0 .net *"_ivl_36", 5 0, L_0000023b644d2180;  1 drivers
v0000023b64115c20_0 .net *"_ivl_37", 6 0, L_0000023b64116970;  1 drivers
v0000023b64115680_0 .net *"_ivl_40", 0 0, L_0000023b64117870;  1 drivers
v0000023b64115fe0_0 .net *"_ivl_41", 6 0, L_0000023b641172d0;  1 drivers
L_0000023b644d21c8 .functor BUFT 1, C4<000000>, C4<0>, C4<0>, C4<0>;
v0000023b64114c80_0 .net *"_ivl_44", 5 0, L_0000023b644d21c8;  1 drivers
v0000023b64114780_0 .net *"_ivl_45", 6 0, L_0000023b641181d0;  1 drivers
v0000023b64115540_0 .net *"_ivl_48", 0 0, L_0000023b64116dd0;  1 drivers
v0000023b64115d60_0 .net *"_ivl_49", 6 0, L_0000023b64116f10;  1 drivers
L_0000023b644d2210 .functor BUFT 1, C4<000000>, C4<0>, C4<0>, C4<0>;
v0000023b64115ea0_0 .net *"_ivl_52", 5 0, L_0000023b644d2210;  1 drivers
v0000023b64115f40_0 .net *"_ivl_53", 6 0, L_0000023b64118270;  1 drivers
v0000023b64116120_0 .net *"_ivl_56", 0 0, L_0000023b641179b0;  1 drivers
v0000023b641163a0_0 .net *"_ivl_57", 6 0, L_0000023b64117af0;  1 drivers
L_0000023b644d2258 .functor BUFT 1, C4<000000>, C4<0>, C4<0>, C4<0>;
v0000023b641159a0_0 .net *"_ivl_60", 5 0, L_0000023b644d2258;  1 drivers
L_0000023b644d2060 .functor BUFT 1, C4<0>, C4<0>, C4<0>, C4<0>;
v0000023b641150e0_0 .net *"_ivl_7", 0 0, L_0000023b644d2060;  1 drivers
v0000023b641161c0_0 .net "clk", 0 0, v0000023b64117730_0;  1 drivers
v0000023b64114d20_0 .var "cs", 1 0;
v0000023b64115b80_0 .net "dip", 6 0, v0000023b64116b50_0;  1 drivers
v0000023b641154a0_0 .var "guess", 6 0;
v0000023b64115900_0 .var "guess_init", 6 0;
v0000023b64115a40_0 .net "hundred", 6 0, v0000023b640c4150_0;  alias, 1 drivers
v0000023b64115720_0 .var "init_val_cs", 7 0;
v0000023b64116300_0 .net "init_val_cs_wire", 7 0, L_0000023b640c5270;  1 drivers
v0000023b64116440_0 .var "init_val_ns", 7 0;
v0000023b64114960_0 .var "led", 6 0;
v0000023b64115860_0 .var "ns", 1 0;
v0000023b641164e0_0 .net "one", 6 0, v0000023b640c2f30_0;  alias, 1 drivers
v0000023b64114dc0_0 .net "randnum", 6 0, L_0000023b64117ff0;  1 drivers
v0000023b64115ae0_0 .net "randnum_in", 6 0, v0000023b640c3110_0;  1 drivers
v0000023b64114a00_0 .net "restart", 0 0, v0000023b64116e70_0;  1 drivers
v0000023b641146e0_0 .net "restart_detect", 0 0, v0000023b640b9500_0;  1 drivers
v0000023b64114820_0 .net "rstn", 0 0, v0000023b641170f0_0;  1 drivers
v0000023b64114e60_0 .net "start", 0 0, v0000023b64118450_0;  1 drivers
v0000023b64114f00_0 .net "start_detect", 0 0, v0000023b640c3250_0;  1 drivers
v0000023b64114fa0_0 .net "stop", 0 0, v0000023b64116d30_0;  1 drivers
v0000023b641157c0_0 .net "stop_detect", 0 0, v0000023b640b8ec0_0;  1 drivers
v0000023b64118310_0 .net "sum", 6 0, L_0000023b64117370;  1 drivers
v0000023b64116c90_0 .var "sum_flag", 0 0;
v0000023b64117050_0 .net "ten", 6 0, v0000023b640c3cf0_0;  alias, 1 drivers
E_0000023b640b6ef0 .event anyedge, v0000023b64114d20_0, v0000023b640c3250_0, v0000023b640b8ec0_0, v0000023b640b9500_0;
E_0000023b640b6970/0 .event anyedge, v0000023b64114d20_0, v0000023b64115720_0, v0000023b64115900_0, v0000023b640c3110_0;
E_0000023b640b6970/1 .event anyedge, v0000023b64116c90_0, v0000023b64116440_0, v0000023b64118310_0;
E_0000023b640b6970 .event/or E_0000023b640b6970/0, E_0000023b640b6970/1;
L_0000023b64117ff0 .part v0000023b640c40b0_0, 0, 7;
L_0000023b641184f0 .concat [ 7 1 0 0], L_0000023b64117ff0, L_0000023b644d2060;
L_0000023b64117410 .part v0000023b64116b50_0, 0, 1;
L_0000023b64118090 .concat [ 1 6 0 0], L_0000023b64117410, L_0000023b644d20a8;
L_0000023b64117550 .part v0000023b64116b50_0, 1, 1;
L_0000023b64117a50 .concat [ 1 6 0 0], L_0000023b64117550, L_0000023b644d20f0;
L_0000023b64117cd0 .arith/sum 7, L_0000023b64118090, L_0000023b64117a50;
L_0000023b64117230 .part v0000023b64116b50_0, 2, 1;
L_0000023b64117b90 .concat [ 1 6 0 0], L_0000023b64117230, L_0000023b644d2138;
L_0000023b641168d0 .arith/sum 7, L_0000023b64117cd0, L_0000023b64117b90;
L_0000023b64116790 .part v0000023b64116b50_0, 3, 1;
L_0000023b64116bf0 .concat [ 1 6 0 0], L_0000023b64116790, L_0000023b644d2180;
L_0000023b64116970 .arith/sum 7, L_0000023b641168d0, L_0000023b64116bf0;
L_0000023b64117870 .part v0000023b64116b50_0, 4, 1;
L_0000023b641172d0 .concat [ 1 6 0 0], L_0000023b64117870, L_0000023b644d21c8;
L_0000023b641181d0 .arith/sum 7, L_0000023b64116970, L_0000023b641172d0;
L_0000023b64116dd0 .part v0000023b64116b50_0, 5, 1;
L_0000023b64116f10 .concat [ 1 6 0 0], L_0000023b64116dd0, L_0000023b644d2210;
L_0000023b64118270 .arith/sum 7, L_0000023b641181d0, L_0000023b64116f10;
L_0000023b641179b0 .part v0000023b64116b50_0, 6, 1;
L_0000023b64117af0 .concat [ 1 6 0 0], L_0000023b641179b0, L_0000023b644d2258;
L_0000023b64117370 .arith/sum 7, L_0000023b64118270, L_0000023b64117af0;
S_0000023b64095b70 .scope module, "u1" "Pseudo_Random" 5 25, 6 1 0, S_0000023b6406e0a0;
 .timescale -9 -12;
    .port_info 0 /INPUT 1 "clk";
    .port_info 1 /INPUT 1 "rstn";
    .port_info 2 /OUTPUT 8 "random_num";
v0000023b640c3430_0 .net "clk", 0 0, v0000023b64117730_0;  alias, 1 drivers
v0000023b640c2cb0_0 .var "counter", 31 0;
L_0000023b644d2018 .functor BUFT 1, C4<1001>, C4<0>, C4<0>, C4<0>;
v0000023b640c36b0_0 .net "div", 3 0, L_0000023b644d2018;  1 drivers
v0000023b640c2e90_0 .var "lfsr", 6 0;
v0000023b640c40b0_0 .var "random_num", 7 0;
v0000023b640c3890_0 .net "rstn", 0 0, v0000023b641170f0_0;  alias, 1 drivers
E_0000023b640b7670/0 .event negedge, v0000023b640c3890_0;
E_0000023b640b7670/1 .event posedge, v0000023b640c3430_0;
E_0000023b640b7670 .event/or E_0000023b640b7670/0, E_0000023b640b7670/1;
S_0000023b64095d00 .scope module, "u2" "scan" 5 33, 7 1 0, S_0000023b6406e0a0;
 .timescale -9 -12;
    .port_info 0 /INPUT 8 "dipsw7";
    .port_info 1 /OUTPUT 7 "one";
    .port_info 2 /OUTPUT 7 "ten";
    .port_info 3 /OUTPUT 7 "hundred";
v0000023b640c39d0_0 .net "dipsw7", 7 0, L_0000023b640c5270;  alias, 1 drivers
v0000023b640c4150_0 .var "hundred", 6 0;
v0000023b640c41f0_0 .net "hundred_int", 3 0, v0000023b640c4510_0;  1 drivers
v0000023b640c2f30_0 .var "one", 6 0;
v0000023b640c2fd0_0 .net "one_int", 3 0, v0000023b640c3f70_0;  1 drivers
v0000023b640c3cf0_0 .var "ten", 6 0;
v0000023b640c43d0_0 .net "ten_int", 3 0, v0000023b640c32f0_0;  1 drivers
E_0000023b640b6bf0 .event anyedge, v0000023b640c3f70_0, v0000023b640c32f0_0, v0000023b640c4510_0;
S_0000023b64082070 .scope module, "u1" "binary_to_BCD" 7 9, 8 1 0, S_0000023b64095d00;
 .timescale 0 0;
    .port_info 0 /INPUT 8 "binary";
    .port_info 1 /OUTPUT 4 "Hundreds";
    .port_info 2 /OUTPUT 4 "Tens";
    .port_info 3 /OUTPUT 4 "Ones";
v0000023b640c4510_0 .var "Hundreds", 3 0;
v0000023b640c3f70_0 .var "Ones", 3 0;
v0000023b640c32f0_0 .var "Tens", 3 0;
v0000023b640c3930_0 .net "binary", 7 0, L_0000023b640c5270;  alias, 1 drivers
v0000023b640c34d0_0 .var/i "i", 31 0;
E_0000023b640b6f30 .event anyedge, v0000023b640c4510_0, v0000023b640c32f0_0, v0000023b640c3f70_0, v0000023b640c3930_0;
S_0000023b64082200 .scope module, "u3" "scan" 5 40, 7 1 0, S_0000023b6406e0a0;
 .timescale -9 -12;
    .port_info 0 /INPUT 8 "dipsw7";
    .port_info 1 /OUTPUT 7 "one";
    .port_info 2 /OUTPUT 7 "ten";
    .port_info 3 /OUTPUT 7 "hundred";
v0000023b640c4470_0 .net "dipsw7", 7 0, L_0000023b641184f0;  1 drivers
v0000023b640c3b10_0 .var "hundred", 6 0;
v0000023b640c3070_0 .net "hundred_int", 3 0, v0000023b640c3a70_0;  1 drivers
v0000023b640c3110_0 .var "one", 6 0;
v0000023b640c2a30_0 .net "one_int", 3 0, v0000023b640c3d90_0;  1 drivers
v0000023b640c4330_0 .var "ten", 6 0;
v0000023b640c3bb0_0 .net "ten_int", 3 0, v0000023b640c4010_0;  1 drivers
E_0000023b640b69f0 .event anyedge, v0000023b640c3d90_0, v0000023b640c4010_0, v0000023b640c3a70_0;
S_0000023b64072390 .scope module, "u1" "binary_to_BCD" 7 9, 8 1 0, S_0000023b64082200;
 .timescale 0 0;
    .port_info 0 /INPUT 8 "binary";
    .port_info 1 /OUTPUT 4 "Hundreds";
    .port_info 2 /OUTPUT 4 "Tens";
    .port_info 3 /OUTPUT 4 "Ones";
v0000023b640c3a70_0 .var "Hundreds", 3 0;
v0000023b640c3d90_0 .var "Ones", 3 0;
v0000023b640c4010_0 .var "Tens", 3 0;
v0000023b640c46f0_0 .net "binary", 7 0, L_0000023b641184f0;  alias, 1 drivers
v0000023b640c4290_0 .var/i "i", 31 0;
E_0000023b640b6cf0 .event anyedge, v0000023b640c3a70_0, v0000023b640c4010_0, v0000023b640c3d90_0, v0000023b640c46f0_0;
S_0000023b64072520 .scope module, "u4" "edge_detect" 5 47, 9 1 0, S_0000023b6406e0a0;
 .timescale -9 -12;
    .port_info 0 /INPUT 1 "clk";
    .port_info 1 /INPUT 1 "anrst";
    .port_info 2 /INPUT 1 "in";
    .port_info 3 /OUTPUT 1 "rising";
    .port_info 4 /OUTPUT 1 "falling";
    .port_info 5 /OUTPUT 1 "both";
v0000023b640c45b0_0 .net "anrst", 0 0, v0000023b641170f0_0;  alias, 1 drivers
v0000023b640c3c50_0 .var "both", 0 0;
v0000023b640c31b0_0 .net "clk", 0 0, v0000023b64117730_0;  alias, 1 drivers
v0000023b640c3250_0 .var "falling", 0 0;
v0000023b640c3e30_0 .net "in", 0 0, v0000023b64118450_0;  alias, 1 drivers
v0000023b640c2b70_0 .var "in_d", 0 0;
v0000023b640c4650_0 .var "rising", 0 0;
E_0000023b640b70f0 .event anyedge, v0000023b640c3e30_0, v0000023b640c2b70_0, v0000023b640c4650_0, v0000023b640c3250_0;
S_0000023b6406c1a0 .scope module, "u5" "edge_detect" 5 54, 9 1 0, S_0000023b6406e0a0;
 .timescale -9 -12;
    .port_info 0 /INPUT 1 "clk";
    .port_info 1 /INPUT 1 "anrst";
    .port_info 2 /INPUT 1 "in";
    .port_info 3 /OUTPUT 1 "rising";
    .port_info 4 /OUTPUT 1 "falling";
    .port_info 5 /OUTPUT 1 "both";
v0000023b640c4830_0 .net "anrst", 0 0, v0000023b641170f0_0;  alias, 1 drivers
v0000023b640c2990_0 .var "both", 0 0;
v0000023b640c2c10_0 .net "clk", 0 0, v0000023b64117730_0;  alias, 1 drivers
v0000023b640b8ec0_0 .var "falling", 0 0;
v0000023b640b9280_0 .net "in", 0 0, v0000023b64116d30_0;  alias, 1 drivers
v0000023b640b8c40_0 .var "in_d", 0 0;
v0000023b640b9000_0 .var "rising", 0 0;
E_0000023b640b7230 .event anyedge, v0000023b640b9280_0, v0000023b640b8c40_0, v0000023b640b9000_0, v0000023b640b8ec0_0;
S_0000023b6406c330 .scope module, "u6" "edge_detect" 5 61, 9 1 0, S_0000023b6406e0a0;
 .timescale -9 -12;
    .port_info 0 /INPUT 1 "clk";
    .port_info 1 /INPUT 1 "anrst";
    .port_info 2 /INPUT 1 "in";
    .port_info 3 /OUTPUT 1 "rising";
    .port_info 4 /OUTPUT 1 "falling";
    .port_info 5 /OUTPUT 1 "both";
v0000023b640b8d80_0 .net "anrst", 0 0, v0000023b641170f0_0;  alias, 1 drivers
v0000023b640b90a0_0 .var "both", 0 0;
v0000023b640b9320_0 .net "clk", 0 0, v0000023b64117730_0;  alias, 1 drivers
v0000023b640b9500_0 .var "falling", 0 0;
v0000023b640b9780_0 .net "in", 0 0, v0000023b64116e70_0;  alias, 1 drivers
v0000023b64115220_0 .var "in_d", 0 0;
v0000023b64114640_0 .var "rising", 0 0;
E_0000023b640b6930 .event anyedge, v0000023b640b9780_0, v0000023b64115220_0, v0000023b64114640_0, v0000023b640b9500_0;
S_0000023b6406df10 .scope module, "add3" "add3" 10 1;
 .timescale 0 0;
    .port_info 0 /INPUT 4 "in";
    .port_info 1 /OUTPUT 4 "out";
o0000023b640d0ee8 .functor BUFZ 4, C4<zzzz>; HiZ drive
v0000023b64117690_0 .net "in", 3 0, o0000023b640d0ee8;  0 drivers
v0000023b641177d0_0 .var "out", 3 0;
E_0000023b640b71f0 .event anyedge, v0000023b64117690_0;
    .scope S_0000023b640cac00;
T_0 ;
    %wait E_0000023b640b69b0;
    %load/vec4 v0000023b640c4790_0;
    %assign/vec4 v0000023b640c2df0_0, 0;
    %jmp T_0;
    .thread T_0;
    .scope S_0000023b64077f90;
T_1 ;
    %wait E_0000023b640b7330;
    %load/vec4 v0000023b640c3570_0;
    %parti/s 3, 1, 2;
    %load/vec4 v0000023b640c37f0_0;
    %concat/vec4; draw_concat_vec4
    %assign/vec4 v0000023b640c3570_0, 0;
    %load/vec4 v0000023b640c3570_0;
    %cmpi/e 0, 0, 4;
    %jmp/0xz  T_1.0, 4;
    %pushi/vec4 1, 0, 1;
    %assign/vec4 v0000023b640c3750_0, 0;
    %jmp T_1.1;
T_1.0 ;
    %pushi/vec4 0, 0, 1;
    %assign/vec4 v0000023b640c3750_0, 0;
T_1.1 ;
    %jmp T_1;
    .thread T_1;
    .scope S_0000023b64095b70;
T_2 ;
    %wait E_0000023b640b7670;
    %load/vec4 v0000023b640c3890_0;
    %nor/r;
    %flag_set/vec4 8;
    %jmp/0xz  T_2.0, 8;
    %pushi/vec4 0, 0, 32;
    %assign/vec4 v0000023b640c2cb0_0, 0;
    %pushi/vec4 64, 0, 7;
    %assign/vec4 v0000023b640c2e90_0, 0;
    %jmp T_2.1;
T_2.0 ;
    %load/vec4 v0000023b640c2cb0_0;
    %cmpi/e 5000000, 0, 32;
    %jmp/0xz  T_2.2, 4;
    %pushi/vec4 0, 0, 32;
    %assign/vec4 v0000023b640c2cb0_0, 0;
    %load/vec4 v0000023b640c2e90_0;
    %parti/s 6, 0, 2;
    %load/vec4 v0000023b640c2e90_0;
    %parti/s 1, 6, 4;
    %load/vec4 v0000023b640c2e90_0;
    %parti/s 1, 5, 4;
    %xor;
    %concat/vec4; draw_concat_vec4
    %assign/vec4 v0000023b640c2e90_0, 0;
    %pushi/vec4 0, 0, 4;
    %load/vec4 v0000023b640c2e90_0;
    %parti/s 4, 0, 2;
    %load/vec4 v0000023b640c36b0_0;
    %mod;
    %addi 1, 0, 4;
    %concat/vec4; draw_concat_vec4
    %assign/vec4 v0000023b640c40b0_0, 0;
    %jmp T_2.3;
T_2.2 ;
    %load/vec4 v0000023b640c2cb0_0;
    %addi 1, 0, 32;
    %assign/vec4 v0000023b640c2cb0_0, 0;
T_2.3 ;
T_2.1 ;
    %jmp T_2;
    .thread T_2;
    .scope S_0000023b64082070;
T_3 ;
    %wait E_0000023b640b6f30;
    %pushi/vec4 0, 0, 4;
    %store/vec4 v0000023b640c4510_0, 0, 4;
    %pushi/vec4 0, 0, 4;
    %store/vec4 v0000023b640c32f0_0, 0, 4;
    %pushi/vec4 0, 0, 4;
    %store/vec4 v0000023b640c3f70_0, 0, 4;
    %pushi/vec4 7, 0, 32;
    %store/vec4 v0000023b640c34d0_0, 0, 32;
T_3.0 ;
    %load/vec4 v0000023b640c34d0_0;
    %cmpi/s 0, 0, 32;
    %flag_inv 5; GE is !LT
    %jmp/0xz T_3.1, 5;
    %load/vec4 v0000023b640c4510_0;
    %pad/u 32;
    %cmpi/u 5, 0, 32;
    %flag_inv 5; GE is !LT
    %jmp/0xz  T_3.2, 5;
    %load/vec4 v0000023b640c4510_0;
    %addi 3, 0, 4;
    %store/vec4 v0000023b640c4510_0, 0, 4;
T_3.2 ;
    %load/vec4 v0000023b640c32f0_0;
    %pad/u 32;
    %cmpi/u 5, 0, 32;
    %flag_inv 5; GE is !LT
    %jmp/0xz  T_3.4, 5;
    %load/vec4 v0000023b640c32f0_0;
    %addi 3, 0, 4;
    %store/vec4 v0000023b640c32f0_0, 0, 4;
T_3.4 ;
    %load/vec4 v0000023b640c3f70_0;
    %pad/u 32;
    %cmpi/u 5, 0, 32;
    %flag_inv 5; GE is !LT
    %jmp/0xz  T_3.6, 5;
    %load/vec4 v0000023b640c3f70_0;
    %addi 3, 0, 4;
    %store/vec4 v0000023b640c3f70_0, 0, 4;
T_3.6 ;
    %load/vec4 v0000023b640c4510_0;
    %ix/load 4, 1, 0;
    %flag_set/imm 4, 0;
    %shiftl 4;
    %store/vec4 v0000023b640c4510_0, 0, 4;
    %load/vec4 v0000023b640c32f0_0;
    %parti/s 1, 3, 3;
    %ix/load 4, 0, 0;
    %flag_set/imm 4, 0;
    %store/vec4 v0000023b640c4510_0, 4, 1;
    %load/vec4 v0000023b640c32f0_0;
    %ix/load 4, 1, 0;
    %flag_set/imm 4, 0;
    %shiftl 4;
    %store/vec4 v0000023b640c32f0_0, 0, 4;
    %load/vec4 v0000023b640c3f70_0;
    %parti/s 1, 3, 3;
    %ix/load 4, 0, 0;
    %flag_set/imm 4, 0;
    %store/vec4 v0000023b640c32f0_0, 4, 1;
    %load/vec4 v0000023b640c3f70_0;
    %ix/load 4, 1, 0;
    %flag_set/imm 4, 0;
    %shiftl 4;
    %store/vec4 v0000023b640c3f70_0, 0, 4;
    %load/vec4 v0000023b640c3930_0;
    %load/vec4 v0000023b640c34d0_0;
    %part/s 1;
    %ix/load 4, 0, 0;
    %flag_set/imm 4, 0;
    %store/vec4 v0000023b640c3f70_0, 4, 1;
    %load/vec4 v0000023b640c34d0_0;
    %subi 1, 0, 32;
    %store/vec4 v0000023b640c34d0_0, 0, 32;
    %jmp T_3.0;
T_3.1 ;
    %jmp T_3;
    .thread T_3, $push;
    .scope S_0000023b64095d00;
T_4 ;
    %wait E_0000023b640b6bf0;
    %load/vec4 v0000023b640c2fd0_0;
    %dup/vec4;
    %pushi/vec4 0, 0, 4;
    %cmp/u;
    %jmp/1 T_4.0, 6;
    %dup/vec4;
    %pushi/vec4 1, 0, 4;
    %cmp/u;
    %jmp/1 T_4.1, 6;
    %dup/vec4;
    %pushi/vec4 2, 0, 4;
    %cmp/u;
    %jmp/1 T_4.2, 6;
    %dup/vec4;
    %pushi/vec4 3, 0, 4;
    %cmp/u;
    %jmp/1 T_4.3, 6;
    %dup/vec4;
    %pushi/vec4 4, 0, 4;
    %cmp/u;
    %jmp/1 T_4.4, 6;
    %dup/vec4;
    %pushi/vec4 5, 0, 4;
    %cmp/u;
    %jmp/1 T_4.5, 6;
    %dup/vec4;
    %pushi/vec4 6, 0, 4;
    %cmp/u;
    %jmp/1 T_4.6, 6;
    %dup/vec4;
    %pushi/vec4 7, 0, 4;
    %cmp/u;
    %jmp/1 T_4.7, 6;
    %dup/vec4;
    %pushi/vec4 8, 0, 4;
    %cmp/u;
    %jmp/1 T_4.8, 6;
    %dup/vec4;
    %pushi/vec4 9, 0, 4;
    %cmp/u;
    %jmp/1 T_4.9, 6;
    %dup/vec4;
    %pushi/vec4 10, 0, 4;
    %cmp/u;
    %jmp/1 T_4.10, 6;
    %dup/vec4;
    %pushi/vec4 11, 0, 4;
    %cmp/u;
    %jmp/1 T_4.11, 6;
    %dup/vec4;
    %pushi/vec4 12, 0, 4;
    %cmp/u;
    %jmp/1 T_4.12, 6;
    %dup/vec4;
    %pushi/vec4 13, 0, 4;
    %cmp/u;
    %jmp/1 T_4.13, 6;
    %dup/vec4;
    %pushi/vec4 14, 0, 4;
    %cmp/u;
    %jmp/1 T_4.14, 6;
    %dup/vec4;
    %pushi/vec4 15, 0, 4;
    %cmp/u;
    %jmp/1 T_4.15, 6;
    %pushi/vec4 127, 0, 7;
    %store/vec4 v0000023b640c2f30_0, 0, 7;
    %jmp T_4.17;
T_4.0 ;
    %pushi/vec4 64, 0, 7;
    %store/vec4 v0000023b640c2f30_0, 0, 7;
    %jmp T_4.17;
T_4.1 ;
    %pushi/vec4 121, 0, 7;
    %store/vec4 v0000023b640c2f30_0, 0, 7;
    %jmp T_4.17;
T_4.2 ;
    %pushi/vec4 36, 0, 7;
    %store/vec4 v0000023b640c2f30_0, 0, 7;
    %jmp T_4.17;
T_4.3 ;
    %pushi/vec4 48, 0, 7;
    %store/vec4 v0000023b640c2f30_0, 0, 7;
    %jmp T_4.17;
T_4.4 ;
    %pushi/vec4 25, 0, 7;
    %store/vec4 v0000023b640c2f30_0, 0, 7;
    %jmp T_4.17;
T_4.5 ;
    %pushi/vec4 18, 0, 7;
    %store/vec4 v0000023b640c2f30_0, 0, 7;
    %jmp T_4.17;
T_4.6 ;
    %pushi/vec4 2, 0, 7;
    %store/vec4 v0000023b640c2f30_0, 0, 7;
    %jmp T_4.17;
T_4.7 ;
    %pushi/vec4 120, 0, 7;
    %store/vec4 v0000023b640c2f30_0, 0, 7;
    %jmp T_4.17;
T_4.8 ;
    %pushi/vec4 0, 0, 7;
    %store/vec4 v0000023b640c2f30_0, 0, 7;
    %jmp T_4.17;
T_4.9 ;
    %pushi/vec4 24, 0, 7;
    %store/vec4 v0000023b640c2f30_0, 0, 7;
    %jmp T_4.17;
T_4.10 ;
    %pushi/vec4 8, 0, 7;
    %store/vec4 v0000023b640c2f30_0, 0, 7;
    %jmp T_4.17;
T_4.11 ;
    %pushi/vec4 3, 0, 7;
    %store/vec4 v0000023b640c2f30_0, 0, 7;
    %jmp T_4.17;
T_4.12 ;
    %pushi/vec4 70, 0, 7;
    %store/vec4 v0000023b640c2f30_0, 0, 7;
    %jmp T_4.17;
T_4.13 ;
    %pushi/vec4 33, 0, 7;
    %store/vec4 v0000023b640c2f30_0, 0, 7;
    %jmp T_4.17;
T_4.14 ;
    %pushi/vec4 6, 0, 7;
    %store/vec4 v0000023b640c2f30_0, 0, 7;
    %jmp T_4.17;
T_4.15 ;
    %pushi/vec4 14, 0, 7;
    %store/vec4 v0000023b640c2f30_0, 0, 7;
    %jmp T_4.17;
T_4.17 ;
    %pop/vec4 1;
    %load/vec4 v0000023b640c43d0_0;
    %dup/vec4;
    %pushi/vec4 0, 0, 4;
    %cmp/u;
    %jmp/1 T_4.18, 6;
    %dup/vec4;
    %pushi/vec4 1, 0, 4;
    %cmp/u;
    %jmp/1 T_4.19, 6;
    %dup/vec4;
    %pushi/vec4 2, 0, 4;
    %cmp/u;
    %jmp/1 T_4.20, 6;
    %dup/vec4;
    %pushi/vec4 3, 0, 4;
    %cmp/u;
    %jmp/1 T_4.21, 6;
    %dup/vec4;
    %pushi/vec4 4, 0, 4;
    %cmp/u;
    %jmp/1 T_4.22, 6;
    %dup/vec4;
    %pushi/vec4 5, 0, 4;
    %cmp/u;
    %jmp/1 T_4.23, 6;
    %dup/vec4;
    %pushi/vec4 6, 0, 4;
    %cmp/u;
    %jmp/1 T_4.24, 6;
    %dup/vec4;
    %pushi/vec4 7, 0, 4;
    %cmp/u;
    %jmp/1 T_4.25, 6;
    %dup/vec4;
    %pushi/vec4 8, 0, 4;
    %cmp/u;
    %jmp/1 T_4.26, 6;
    %dup/vec4;
    %pushi/vec4 9, 0, 4;
    %cmp/u;
    %jmp/1 T_4.27, 6;
    %dup/vec4;
    %pushi/vec4 10, 0, 4;
    %cmp/u;
    %jmp/1 T_4.28, 6;
    %dup/vec4;
    %pushi/vec4 11, 0, 4;
    %cmp/u;
    %jmp/1 T_4.29, 6;
    %dup/vec4;
    %pushi/vec4 12, 0, 4;
    %cmp/u;
    %jmp/1 T_4.30, 6;
    %dup/vec4;
    %pushi/vec4 13, 0, 4;
    %cmp/u;
    %jmp/1 T_4.31, 6;
    %dup/vec4;
    %pushi/vec4 14, 0, 4;
    %cmp/u;
    %jmp/1 T_4.32, 6;
    %dup/vec4;
    %pushi/vec4 15, 0, 4;
    %cmp/u;
    %jmp/1 T_4.33, 6;
    %pushi/vec4 127, 0, 7;
    %store/vec4 v0000023b640c3cf0_0, 0, 7;
    %jmp T_4.35;
T_4.18 ;
    %pushi/vec4 64, 0, 7;
    %store/vec4 v0000023b640c3cf0_0, 0, 7;
    %jmp T_4.35;
T_4.19 ;
    %pushi/vec4 121, 0, 7;
    %store/vec4 v0000023b640c3cf0_0, 0, 7;
    %jmp T_4.35;
T_4.20 ;
    %pushi/vec4 36, 0, 7;
    %store/vec4 v0000023b640c3cf0_0, 0, 7;
    %jmp T_4.35;
T_4.21 ;
    %pushi/vec4 48, 0, 7;
    %store/vec4 v0000023b640c3cf0_0, 0, 7;
    %jmp T_4.35;
T_4.22 ;
    %pushi/vec4 25, 0, 7;
    %store/vec4 v0000023b640c3cf0_0, 0, 7;
    %jmp T_4.35;
T_4.23 ;
    %pushi/vec4 18, 0, 7;
    %store/vec4 v0000023b640c3cf0_0, 0, 7;
    %jmp T_4.35;
T_4.24 ;
    %pushi/vec4 2, 0, 7;
    %store/vec4 v0000023b640c3cf0_0, 0, 7;
    %jmp T_4.35;
T_4.25 ;
    %pushi/vec4 120, 0, 7;
    %store/vec4 v0000023b640c3cf0_0, 0, 7;
    %jmp T_4.35;
T_4.26 ;
    %pushi/vec4 0, 0, 7;
    %store/vec4 v0000023b640c3cf0_0, 0, 7;
    %jmp T_4.35;
T_4.27 ;
    %pushi/vec4 24, 0, 7;
    %store/vec4 v0000023b640c3cf0_0, 0, 7;
    %jmp T_4.35;
T_4.28 ;
    %pushi/vec4 8, 0, 7;
    %store/vec4 v0000023b640c3cf0_0, 0, 7;
    %jmp T_4.35;
T_4.29 ;
    %pushi/vec4 3, 0, 7;
    %store/vec4 v0000023b640c3cf0_0, 0, 7;
    %jmp T_4.35;
T_4.30 ;
    %pushi/vec4 70, 0, 7;
    %store/vec4 v0000023b640c3cf0_0, 0, 7;
    %jmp T_4.35;
T_4.31 ;
    %pushi/vec4 33, 0, 7;
    %store/vec4 v0000023b640c3cf0_0, 0, 7;
    %jmp T_4.35;
T_4.32 ;
    %pushi/vec4 6, 0, 7;
    %store/vec4 v0000023b640c3cf0_0, 0, 7;
    %jmp T_4.35;
T_4.33 ;
    %pushi/vec4 14, 0, 7;
    %store/vec4 v0000023b640c3cf0_0, 0, 7;
    %jmp T_4.35;
T_4.35 ;
    %pop/vec4 1;
    %load/vec4 v0000023b640c41f0_0;
    %dup/vec4;
    %pushi/vec4 0, 0, 4;
    %cmp/u;
    %jmp/1 T_4.36, 6;
    %dup/vec4;
    %pushi/vec4 1, 0, 4;
    %cmp/u;
    %jmp/1 T_4.37, 6;
    %dup/vec4;
    %pushi/vec4 2, 0, 4;
    %cmp/u;
    %jmp/1 T_4.38, 6;
    %dup/vec4;
    %pushi/vec4 3, 0, 4;
    %cmp/u;
    %jmp/1 T_4.39, 6;
    %dup/vec4;
    %pushi/vec4 4, 0, 4;
    %cmp/u;
    %jmp/1 T_4.40, 6;
    %dup/vec4;
    %pushi/vec4 5, 0, 4;
    %cmp/u;
    %jmp/1 T_4.41, 6;
    %dup/vec4;
    %pushi/vec4 6, 0, 4;
    %cmp/u;
    %jmp/1 T_4.42, 6;
    %dup/vec4;
    %pushi/vec4 7, 0, 4;
    %cmp/u;
    %jmp/1 T_4.43, 6;
    %dup/vec4;
    %pushi/vec4 8, 0, 4;
    %cmp/u;
    %jmp/1 T_4.44, 6;
    %dup/vec4;
    %pushi/vec4 9, 0, 4;
    %cmp/u;
    %jmp/1 T_4.45, 6;
    %dup/vec4;
    %pushi/vec4 10, 0, 4;
    %cmp/u;
    %jmp/1 T_4.46, 6;
    %dup/vec4;
    %pushi/vec4 11, 0, 4;
    %cmp/u;
    %jmp/1 T_4.47, 6;
    %dup/vec4;
    %pushi/vec4 12, 0, 4;
    %cmp/u;
    %jmp/1 T_4.48, 6;
    %dup/vec4;
    %pushi/vec4 13, 0, 4;
    %cmp/u;
    %jmp/1 T_4.49, 6;
    %dup/vec4;
    %pushi/vec4 14, 0, 4;
    %cmp/u;
    %jmp/1 T_4.50, 6;
    %dup/vec4;
    %pushi/vec4 15, 0, 4;
    %cmp/u;
    %jmp/1 T_4.51, 6;
    %pushi/vec4 127, 0, 7;
    %store/vec4 v0000023b640c4150_0, 0, 7;
    %jmp T_4.53;
T_4.36 ;
    %pushi/vec4 64, 0, 7;
    %store/vec4 v0000023b640c4150_0, 0, 7;
    %jmp T_4.53;
T_4.37 ;
    %pushi/vec4 121, 0, 7;
    %store/vec4 v0000023b640c4150_0, 0, 7;
    %jmp T_4.53;
T_4.38 ;
    %pushi/vec4 36, 0, 7;
    %store/vec4 v0000023b640c4150_0, 0, 7;
    %jmp T_4.53;
T_4.39 ;
    %pushi/vec4 48, 0, 7;
    %store/vec4 v0000023b640c4150_0, 0, 7;
    %jmp T_4.53;
T_4.40 ;
    %pushi/vec4 25, 0, 7;
    %store/vec4 v0000023b640c4150_0, 0, 7;
    %jmp T_4.53;
T_4.41 ;
    %pushi/vec4 18, 0, 7;
    %store/vec4 v0000023b640c4150_0, 0, 7;
    %jmp T_4.53;
T_4.42 ;
    %pushi/vec4 2, 0, 7;
    %store/vec4 v0000023b640c4150_0, 0, 7;
    %jmp T_4.53;
T_4.43 ;
    %pushi/vec4 120, 0, 7;
    %store/vec4 v0000023b640c4150_0, 0, 7;
    %jmp T_4.53;
T_4.44 ;
    %pushi/vec4 0, 0, 7;
    %store/vec4 v0000023b640c4150_0, 0, 7;
    %jmp T_4.53;
T_4.45 ;
    %pushi/vec4 24, 0, 7;
    %store/vec4 v0000023b640c4150_0, 0, 7;
    %jmp T_4.53;
T_4.46 ;
    %pushi/vec4 8, 0, 7;
    %store/vec4 v0000023b640c4150_0, 0, 7;
    %jmp T_4.53;
T_4.47 ;
    %pushi/vec4 3, 0, 7;
    %store/vec4 v0000023b640c4150_0, 0, 7;
    %jmp T_4.53;
T_4.48 ;
    %pushi/vec4 70, 0, 7;
    %store/vec4 v0000023b640c4150_0, 0, 7;
    %jmp T_4.53;
T_4.49 ;
    %pushi/vec4 33, 0, 7;
    %store/vec4 v0000023b640c4150_0, 0, 7;
    %jmp T_4.53;
T_4.50 ;
    %pushi/vec4 6, 0, 7;
    %store/vec4 v0000023b640c4150_0, 0, 7;
    %jmp T_4.53;
T_4.51 ;
    %pushi/vec4 14, 0, 7;
    %store/vec4 v0000023b640c4150_0, 0, 7;
    %jmp T_4.53;
T_4.53 ;
    %pop/vec4 1;
    %jmp T_4;
    .thread T_4, $push;
    .scope S_0000023b64072390;
T_5 ;
    %wait E_0000023b640b6cf0;
    %pushi/vec4 0, 0, 4;
    %store/vec4 v0000023b640c3a70_0, 0, 4;
    %pushi/vec4 0, 0, 4;
    %store/vec4 v0000023b640c4010_0, 0, 4;
    %pushi/vec4 0, 0, 4;
    %store/vec4 v0000023b640c3d90_0, 0, 4;
    %pushi/vec4 7, 0, 32;
    %store/vec4 v0000023b640c4290_0, 0, 32;
T_5.0 ;
    %load/vec4 v0000023b640c4290_0;
    %cmpi/s 0, 0, 32;
    %flag_inv 5; GE is !LT
    %jmp/0xz T_5.1, 5;
    %load/vec4 v0000023b640c3a70_0;
    %pad/u 32;
    %cmpi/u 5, 0, 32;
    %flag_inv 5; GE is !LT
    %jmp/0xz  T_5.2, 5;
    %load/vec4 v0000023b640c3a70_0;
    %addi 3, 0, 4;
    %store/vec4 v0000023b640c3a70_0, 0, 4;
T_5.2 ;
    %load/vec4 v0000023b640c4010_0;
    %pad/u 32;
    %cmpi/u 5, 0, 32;
    %flag_inv 5; GE is !LT
    %jmp/0xz  T_5.4, 5;
    %load/vec4 v0000023b640c4010_0;
    %addi 3, 0, 4;
    %store/vec4 v0000023b640c4010_0, 0, 4;
T_5.4 ;
    %load/vec4 v0000023b640c3d90_0;
    %pad/u 32;
    %cmpi/u 5, 0, 32;
    %flag_inv 5; GE is !LT
    %jmp/0xz  T_5.6, 5;
    %load/vec4 v0000023b640c3d90_0;
    %addi 3, 0, 4;
    %store/vec4 v0000023b640c3d90_0, 0, 4;
T_5.6 ;
    %load/vec4 v0000023b640c3a70_0;
    %ix/load 4, 1, 0;
    %flag_set/imm 4, 0;
    %shiftl 4;
    %store/vec4 v0000023b640c3a70_0, 0, 4;
    %load/vec4 v0000023b640c4010_0;
    %parti/s 1, 3, 3;
    %ix/load 4, 0, 0;
    %flag_set/imm 4, 0;
    %store/vec4 v0000023b640c3a70_0, 4, 1;
    %load/vec4 v0000023b640c4010_0;
    %ix/load 4, 1, 0;
    %flag_set/imm 4, 0;
    %shiftl 4;
    %store/vec4 v0000023b640c4010_0, 0, 4;
    %load/vec4 v0000023b640c3d90_0;
    %parti/s 1, 3, 3;
    %ix/load 4, 0, 0;
    %flag_set/imm 4, 0;
    %store/vec4 v0000023b640c4010_0, 4, 1;
    %load/vec4 v0000023b640c3d90_0;
    %ix/load 4, 1, 0;
    %flag_set/imm 4, 0;
    %shiftl 4;
    %store/vec4 v0000023b640c3d90_0, 0, 4;
    %load/vec4 v0000023b640c46f0_0;
    %load/vec4 v0000023b640c4290_0;
    %part/s 1;
    %ix/load 4, 0, 0;
    %flag_set/imm 4, 0;
    %store/vec4 v0000023b640c3d90_0, 4, 1;
    %load/vec4 v0000023b640c4290_0;
    %subi 1, 0, 32;
    %store/vec4 v0000023b640c4290_0, 0, 32;
    %jmp T_5.0;
T_5.1 ;
    %jmp T_5;
    .thread T_5, $push;
    .scope S_0000023b64082200;
T_6 ;
    %wait E_0000023b640b69f0;
    %load/vec4 v0000023b640c2a30_0;
    %dup/vec4;
    %pushi/vec4 0, 0, 4;
    %cmp/u;
    %jmp/1 T_6.0, 6;
    %dup/vec4;
    %pushi/vec4 1, 0, 4;
    %cmp/u;
    %jmp/1 T_6.1, 6;
    %dup/vec4;
    %pushi/vec4 2, 0, 4;
    %cmp/u;
    %jmp/1 T_6.2, 6;
    %dup/vec4;
    %pushi/vec4 3, 0, 4;
    %cmp/u;
    %jmp/1 T_6.3, 6;
    %dup/vec4;
    %pushi/vec4 4, 0, 4;
    %cmp/u;
    %jmp/1 T_6.4, 6;
    %dup/vec4;
    %pushi/vec4 5, 0, 4;
    %cmp/u;
    %jmp/1 T_6.5, 6;
    %dup/vec4;
    %pushi/vec4 6, 0, 4;
    %cmp/u;
    %jmp/1 T_6.6, 6;
    %dup/vec4;
    %pushi/vec4 7, 0, 4;
    %cmp/u;
    %jmp/1 T_6.7, 6;
    %dup/vec4;
    %pushi/vec4 8, 0, 4;
    %cmp/u;
    %jmp/1 T_6.8, 6;
    %dup/vec4;
    %pushi/vec4 9, 0, 4;
    %cmp/u;
    %jmp/1 T_6.9, 6;
    %dup/vec4;
    %pushi/vec4 10, 0, 4;
    %cmp/u;
    %jmp/1 T_6.10, 6;
    %dup/vec4;
    %pushi/vec4 11, 0, 4;
    %cmp/u;
    %jmp/1 T_6.11, 6;
    %dup/vec4;
    %pushi/vec4 12, 0, 4;
    %cmp/u;
    %jmp/1 T_6.12, 6;
    %dup/vec4;
    %pushi/vec4 13, 0, 4;
    %cmp/u;
    %jmp/1 T_6.13, 6;
    %dup/vec4;
    %pushi/vec4 14, 0, 4;
    %cmp/u;
    %jmp/1 T_6.14, 6;
    %dup/vec4;
    %pushi/vec4 15, 0, 4;
    %cmp/u;
    %jmp/1 T_6.15, 6;
    %pushi/vec4 127, 0, 7;
    %store/vec4 v0000023b640c3110_0, 0, 7;
    %jmp T_6.17;
T_6.0 ;
    %pushi/vec4 64, 0, 7;
    %store/vec4 v0000023b640c3110_0, 0, 7;
    %jmp T_6.17;
T_6.1 ;
    %pushi/vec4 121, 0, 7;
    %store/vec4 v0000023b640c3110_0, 0, 7;
    %jmp T_6.17;
T_6.2 ;
    %pushi/vec4 36, 0, 7;
    %store/vec4 v0000023b640c3110_0, 0, 7;
    %jmp T_6.17;
T_6.3 ;
    %pushi/vec4 48, 0, 7;
    %store/vec4 v0000023b640c3110_0, 0, 7;
    %jmp T_6.17;
T_6.4 ;
    %pushi/vec4 25, 0, 7;
    %store/vec4 v0000023b640c3110_0, 0, 7;
    %jmp T_6.17;
T_6.5 ;
    %pushi/vec4 18, 0, 7;
    %store/vec4 v0000023b640c3110_0, 0, 7;
    %jmp T_6.17;
T_6.6 ;
    %pushi/vec4 2, 0, 7;
    %store/vec4 v0000023b640c3110_0, 0, 7;
    %jmp T_6.17;
T_6.7 ;
    %pushi/vec4 120, 0, 7;
    %store/vec4 v0000023b640c3110_0, 0, 7;
    %jmp T_6.17;
T_6.8 ;
    %pushi/vec4 0, 0, 7;
    %store/vec4 v0000023b640c3110_0, 0, 7;
    %jmp T_6.17;
T_6.9 ;
    %pushi/vec4 24, 0, 7;
    %store/vec4 v0000023b640c3110_0, 0, 7;
    %jmp T_6.17;
T_6.10 ;
    %pushi/vec4 8, 0, 7;
    %store/vec4 v0000023b640c3110_0, 0, 7;
    %jmp T_6.17;
T_6.11 ;
    %pushi/vec4 3, 0, 7;
    %store/vec4 v0000023b640c3110_0, 0, 7;
    %jmp T_6.17;
T_6.12 ;
    %pushi/vec4 70, 0, 7;
    %store/vec4 v0000023b640c3110_0, 0, 7;
    %jmp T_6.17;
T_6.13 ;
    %pushi/vec4 33, 0, 7;
    %store/vec4 v0000023b640c3110_0, 0, 7;
    %jmp T_6.17;
T_6.14 ;
    %pushi/vec4 6, 0, 7;
    %store/vec4 v0000023b640c3110_0, 0, 7;
    %jmp T_6.17;
T_6.15 ;
    %pushi/vec4 14, 0, 7;
    %store/vec4 v0000023b640c3110_0, 0, 7;
    %jmp T_6.17;
T_6.17 ;
    %pop/vec4 1;
    %load/vec4 v0000023b640c3bb0_0;
    %dup/vec4;
    %pushi/vec4 0, 0, 4;
    %cmp/u;
    %jmp/1 T_6.18, 6;
    %dup/vec4;
    %pushi/vec4 1, 0, 4;
    %cmp/u;
    %jmp/1 T_6.19, 6;
    %dup/vec4;
    %pushi/vec4 2, 0, 4;
    %cmp/u;
    %jmp/1 T_6.20, 6;
    %dup/vec4;
    %pushi/vec4 3, 0, 4;
    %cmp/u;
    %jmp/1 T_6.21, 6;
    %dup/vec4;
    %pushi/vec4 4, 0, 4;
    %cmp/u;
    %jmp/1 T_6.22, 6;
    %dup/vec4;
    %pushi/vec4 5, 0, 4;
    %cmp/u;
    %jmp/1 T_6.23, 6;
    %dup/vec4;
    %pushi/vec4 6, 0, 4;
    %cmp/u;
    %jmp/1 T_6.24, 6;
    %dup/vec4;
    %pushi/vec4 7, 0, 4;
    %cmp/u;
    %jmp/1 T_6.25, 6;
    %dup/vec4;
    %pushi/vec4 8, 0, 4;
    %cmp/u;
    %jmp/1 T_6.26, 6;
    %dup/vec4;
    %pushi/vec4 9, 0, 4;
    %cmp/u;
    %jmp/1 T_6.27, 6;
    %dup/vec4;
    %pushi/vec4 10, 0, 4;
    %cmp/u;
    %jmp/1 T_6.28, 6;
    %dup/vec4;
    %pushi/vec4 11, 0, 4;
    %cmp/u;
    %jmp/1 T_6.29, 6;
    %dup/vec4;
    %pushi/vec4 12, 0, 4;
    %cmp/u;
    %jmp/1 T_6.30, 6;
    %dup/vec4;
    %pushi/vec4 13, 0, 4;
    %cmp/u;
    %jmp/1 T_6.31, 6;
    %dup/vec4;
    %pushi/vec4 14, 0, 4;
    %cmp/u;
    %jmp/1 T_6.32, 6;
    %dup/vec4;
    %pushi/vec4 15, 0, 4;
    %cmp/u;
    %jmp/1 T_6.33, 6;
    %pushi/vec4 127, 0, 7;
    %store/vec4 v0000023b640c4330_0, 0, 7;
    %jmp T_6.35;
T_6.18 ;
    %pushi/vec4 64, 0, 7;
    %store/vec4 v0000023b640c4330_0, 0, 7;
    %jmp T_6.35;
T_6.19 ;
    %pushi/vec4 121, 0, 7;
    %store/vec4 v0000023b640c4330_0, 0, 7;
    %jmp T_6.35;
T_6.20 ;
    %pushi/vec4 36, 0, 7;
    %store/vec4 v0000023b640c4330_0, 0, 7;
    %jmp T_6.35;
T_6.21 ;
    %pushi/vec4 48, 0, 7;
    %store/vec4 v0000023b640c4330_0, 0, 7;
    %jmp T_6.35;
T_6.22 ;
    %pushi/vec4 25, 0, 7;
    %store/vec4 v0000023b640c4330_0, 0, 7;
    %jmp T_6.35;
T_6.23 ;
    %pushi/vec4 18, 0, 7;
    %store/vec4 v0000023b640c4330_0, 0, 7;
    %jmp T_6.35;
T_6.24 ;
    %pushi/vec4 2, 0, 7;
    %store/vec4 v0000023b640c4330_0, 0, 7;
    %jmp T_6.35;
T_6.25 ;
    %pushi/vec4 120, 0, 7;
    %store/vec4 v0000023b640c4330_0, 0, 7;
    %jmp T_6.35;
T_6.26 ;
    %pushi/vec4 0, 0, 7;
    %store/vec4 v0000023b640c4330_0, 0, 7;
    %jmp T_6.35;
T_6.27 ;
    %pushi/vec4 24, 0, 7;
    %store/vec4 v0000023b640c4330_0, 0, 7;
    %jmp T_6.35;
T_6.28 ;
    %pushi/vec4 8, 0, 7;
    %store/vec4 v0000023b640c4330_0, 0, 7;
    %jmp T_6.35;
T_6.29 ;
    %pushi/vec4 3, 0, 7;
    %store/vec4 v0000023b640c4330_0, 0, 7;
    %jmp T_6.35;
T_6.30 ;
    %pushi/vec4 70, 0, 7;
    %store/vec4 v0000023b640c4330_0, 0, 7;
    %jmp T_6.35;
T_6.31 ;
    %pushi/vec4 33, 0, 7;
    %store/vec4 v0000023b640c4330_0, 0, 7;
    %jmp T_6.35;
T_6.32 ;
    %pushi/vec4 6, 0, 7;
    %store/vec4 v0000023b640c4330_0, 0, 7;
    %jmp T_6.35;
T_6.33 ;
    %pushi/vec4 14, 0, 7;
    %store/vec4 v0000023b640c4330_0, 0, 7;
    %jmp T_6.35;
T_6.35 ;
    %pop/vec4 1;
    %load/vec4 v0000023b640c3070_0;
    %dup/vec4;
    %pushi/vec4 0, 0, 4;
    %cmp/u;
    %jmp/1 T_6.36, 6;
    %dup/vec4;
    %pushi/vec4 1, 0, 4;
    %cmp/u;
    %jmp/1 T_6.37, 6;
    %dup/vec4;
    %pushi/vec4 2, 0, 4;
    %cmp/u;
    %jmp/1 T_6.38, 6;
    %dup/vec4;
    %pushi/vec4 3, 0, 4;
    %cmp/u;
    %jmp/1 T_6.39, 6;
    %dup/vec4;
    %pushi/vec4 4, 0, 4;
    %cmp/u;
    %jmp/1 T_6.40, 6;
    %dup/vec4;
    %pushi/vec4 5, 0, 4;
    %cmp/u;
    %jmp/1 T_6.41, 6;
    %dup/vec4;
    %pushi/vec4 6, 0, 4;
    %cmp/u;
    %jmp/1 T_6.42, 6;
    %dup/vec4;
    %pushi/vec4 7, 0, 4;
    %cmp/u;
    %jmp/1 T_6.43, 6;
    %dup/vec4;
    %pushi/vec4 8, 0, 4;
    %cmp/u;
    %jmp/1 T_6.44, 6;
    %dup/vec4;
    %pushi/vec4 9, 0, 4;
    %cmp/u;
    %jmp/1 T_6.45, 6;
    %dup/vec4;
    %pushi/vec4 10, 0, 4;
    %cmp/u;
    %jmp/1 T_6.46, 6;
    %dup/vec4;
    %pushi/vec4 11, 0, 4;
    %cmp/u;
    %jmp/1 T_6.47, 6;
    %dup/vec4;
    %pushi/vec4 12, 0, 4;
    %cmp/u;
    %jmp/1 T_6.48, 6;
    %dup/vec4;
    %pushi/vec4 13, 0, 4;
    %cmp/u;
    %jmp/1 T_6.49, 6;
    %dup/vec4;
    %pushi/vec4 14, 0, 4;
    %cmp/u;
    %jmp/1 T_6.50, 6;
    %dup/vec4;
    %pushi/vec4 15, 0, 4;
    %cmp/u;
    %jmp/1 T_6.51, 6;
    %pushi/vec4 127, 0, 7;
    %store/vec4 v0000023b640c3b10_0, 0, 7;
    %jmp T_6.53;
T_6.36 ;
    %pushi/vec4 64, 0, 7;
    %store/vec4 v0000023b640c3b10_0, 0, 7;
    %jmp T_6.53;
T_6.37 ;
    %pushi/vec4 121, 0, 7;
    %store/vec4 v0000023b640c3b10_0, 0, 7;
    %jmp T_6.53;
T_6.38 ;
    %pushi/vec4 36, 0, 7;
    %store/vec4 v0000023b640c3b10_0, 0, 7;
    %jmp T_6.53;
T_6.39 ;
    %pushi/vec4 48, 0, 7;
    %store/vec4 v0000023b640c3b10_0, 0, 7;
    %jmp T_6.53;
T_6.40 ;
    %pushi/vec4 25, 0, 7;
    %store/vec4 v0000023b640c3b10_0, 0, 7;
    %jmp T_6.53;
T_6.41 ;
    %pushi/vec4 18, 0, 7;
    %store/vec4 v0000023b640c3b10_0, 0, 7;
    %jmp T_6.53;
T_6.42 ;
    %pushi/vec4 2, 0, 7;
    %store/vec4 v0000023b640c3b10_0, 0, 7;
    %jmp T_6.53;
T_6.43 ;
    %pushi/vec4 120, 0, 7;
    %store/vec4 v0000023b640c3b10_0, 0, 7;
    %jmp T_6.53;
T_6.44 ;
    %pushi/vec4 0, 0, 7;
    %store/vec4 v0000023b640c3b10_0, 0, 7;
    %jmp T_6.53;
T_6.45 ;
    %pushi/vec4 24, 0, 7;
    %store/vec4 v0000023b640c3b10_0, 0, 7;
    %jmp T_6.53;
T_6.46 ;
    %pushi/vec4 8, 0, 7;
    %store/vec4 v0000023b640c3b10_0, 0, 7;
    %jmp T_6.53;
T_6.47 ;
    %pushi/vec4 3, 0, 7;
    %store/vec4 v0000023b640c3b10_0, 0, 7;
    %jmp T_6.53;
T_6.48 ;
    %pushi/vec4 70, 0, 7;
    %store/vec4 v0000023b640c3b10_0, 0, 7;
    %jmp T_6.53;
T_6.49 ;
    %pushi/vec4 33, 0, 7;
    %store/vec4 v0000023b640c3b10_0, 0, 7;
    %jmp T_6.53;
T_6.50 ;
    %pushi/vec4 6, 0, 7;
    %store/vec4 v0000023b640c3b10_0, 0, 7;
    %jmp T_6.53;
T_6.51 ;
    %pushi/vec4 14, 0, 7;
    %store/vec4 v0000023b640c3b10_0, 0, 7;
    %jmp T_6.53;
T_6.53 ;
    %pop/vec4 1;
    %jmp T_6;
    .thread T_6, $push;
    .scope S_0000023b64072520;
T_7 ;
    %pushi/vec4 0, 0, 1;
    %store/vec4 v0000023b640c2b70_0, 0, 1;
    %end;
    .thread T_7;
    .scope S_0000023b64072520;
T_8 ;
    %wait E_0000023b640b7670;
    %load/vec4 v0000023b640c45b0_0;
    %inv;
    %flag_set/vec4 8;
    %jmp/0xz  T_8.0, 8;
    %pushi/vec4 0, 0, 1;
    %assign/vec4 v0000023b640c2b70_0, 0;
    %jmp T_8.1;
T_8.0 ;
    %load/vec4 v0000023b640c3e30_0;
    %assign/vec4 v0000023b640c2b70_0, 0;
T_8.1 ;
    %jmp T_8;
    .thread T_8;
    .scope S_0000023b64072520;
T_9 ;
    %wait E_0000023b640b70f0;
    %load/vec4 v0000023b640c3e30_0;
    %load/vec4 v0000023b640c2b70_0;
    %inv;
    %and;
    %store/vec4 v0000023b640c4650_0, 0, 1;
    %load/vec4 v0000023b640c3e30_0;
    %inv;
    %load/vec4 v0000023b640c2b70_0;
    %and;
    %store/vec4 v0000023b640c3250_0, 0, 1;
    %load/vec4 v0000023b640c4650_0;
    %load/vec4 v0000023b640c3250_0;
    %or;
    %store/vec4 v0000023b640c3c50_0, 0, 1;
    %jmp T_9;
    .thread T_9, $push;
    .scope S_0000023b6406c1a0;
T_10 ;
    %pushi/vec4 0, 0, 1;
    %store/vec4 v0000023b640b8c40_0, 0, 1;
    %end;
    .thread T_10;
    .scope S_0000023b6406c1a0;
T_11 ;
    %wait E_0000023b640b7670;
    %load/vec4 v0000023b640c4830_0;
    %inv;
    %flag_set/vec4 8;
    %jmp/0xz  T_11.0, 8;
    %pushi/vec4 0, 0, 1;
    %assign/vec4 v0000023b640b8c40_0, 0;
    %jmp T_11.1;
T_11.0 ;
    %load/vec4 v0000023b640b9280_0;
    %assign/vec4 v0000023b640b8c40_0, 0;
T_11.1 ;
    %jmp T_11;
    .thread T_11;
    .scope S_0000023b6406c1a0;
T_12 ;
    %wait E_0000023b640b7230;
    %load/vec4 v0000023b640b9280_0;
    %load/vec4 v0000023b640b8c40_0;
    %inv;
    %and;
    %store/vec4 v0000023b640b9000_0, 0, 1;
    %load/vec4 v0000023b640b9280_0;
    %inv;
    %load/vec4 v0000023b640b8c40_0;
    %and;
    %store/vec4 v0000023b640b8ec0_0, 0, 1;
    %load/vec4 v0000023b640b9000_0;
    %load/vec4 v0000023b640b8ec0_0;
    %or;
    %store/vec4 v0000023b640c2990_0, 0, 1;
    %jmp T_12;
    .thread T_12, $push;
    .scope S_0000023b6406c330;
T_13 ;
    %pushi/vec4 0, 0, 1;
    %store/vec4 v0000023b64115220_0, 0, 1;
    %end;
    .thread T_13;
    .scope S_0000023b6406c330;
T_14 ;
    %wait E_0000023b640b7670;
    %load/vec4 v0000023b640b8d80_0;
    %inv;
    %flag_set/vec4 8;
    %jmp/0xz  T_14.0, 8;
    %pushi/vec4 0, 0, 1;
    %assign/vec4 v0000023b64115220_0, 0;
    %jmp T_14.1;
T_14.0 ;
    %load/vec4 v0000023b640b9780_0;
    %assign/vec4 v0000023b64115220_0, 0;
T_14.1 ;
    %jmp T_14;
    .thread T_14;
    .scope S_0000023b6406c330;
T_15 ;
    %wait E_0000023b640b6930;
    %load/vec4 v0000023b640b9780_0;
    %load/vec4 v0000023b64115220_0;
    %inv;
    %and;
    %store/vec4 v0000023b64114640_0, 0, 1;
    %load/vec4 v0000023b640b9780_0;
    %inv;
    %load/vec4 v0000023b64115220_0;
    %and;
    %store/vec4 v0000023b640b9500_0, 0, 1;
    %load/vec4 v0000023b64114640_0;
    %load/vec4 v0000023b640b9500_0;
    %or;
    %store/vec4 v0000023b640b90a0_0, 0, 1;
    %jmp T_15;
    .thread T_15, $push;
    .scope S_0000023b6406e0a0;
T_16 ;
    %wait E_0000023b640b7670;
    %load/vec4 v0000023b64114820_0;
    %nor/r;
    %flag_set/vec4 8;
    %jmp/0xz  T_16.0, 8;
    %pushi/vec4 0, 0, 7;
    %assign/vec4 v0000023b64114960_0, 0;
    %jmp T_16.1;
T_16.0 ;
    %load/vec4 v0000023b64114d20_0;
    %dup/vec4;
    %pushi/vec4 0, 0, 2;
    %cmp/u;
    %jmp/1 T_16.2, 6;
    %load/vec4 v0000023b64114960_0;
    %assign/vec4 v0000023b64114960_0, 0;
    %jmp T_16.4;
T_16.2 ;
    %load/vec4 v0000023b64115b80_0;
    %assign/vec4 v0000023b64114960_0, 0;
    %jmp T_16.4;
T_16.4 ;
    %pop/vec4 1;
T_16.1 ;
    %jmp T_16;
    .thread T_16;
    .scope S_0000023b6406e0a0;
T_17 ;
    %wait E_0000023b640b7670;
    %load/vec4 v0000023b64114820_0;
    %nor/r;
    %flag_set/vec4 8;
    %jmp/0xz  T_17.0, 8;
    %load/vec4 v0000023b64115b80_0;
    %inv;
    %assign/vec4 v0000023b641154a0_0, 0;
    %jmp T_17.1;
T_17.0 ;
    %load/vec4 v0000023b64114d20_0;
    %dup/vec4;
    %pushi/vec4 0, 0, 2;
    %cmp/u;
    %jmp/1 T_17.2, 6;
    %dup/vec4;
    %pushi/vec4 1, 0, 2;
    %cmp/u;
    %jmp/1 T_17.3, 6;
    %dup/vec4;
    %pushi/vec4 2, 0, 2;
    %cmp/u;
    %jmp/1 T_17.4, 6;
    %load/vec4 v0000023b641154a0_0;
    %assign/vec4 v0000023b641154a0_0, 0;
    %jmp T_17.6;
T_17.2 ;
    %load/vec4 v0000023b64115b80_0;
    %inv;
    %assign/vec4 v0000023b641154a0_0, 0;
    %jmp T_17.6;
T_17.3 ;
    %load/vec4 v0000023b64115ae0_0;
    %assign/vec4 v0000023b641154a0_0, 0;
    %load/vec4 v0000023b64115b80_0;
    %assign/vec4 v0000023b64115900_0, 0;
    %jmp T_17.6;
T_17.4 ;
    %load/vec4 v0000023b641154a0_0;
    %assign/vec4 v0000023b641154a0_0, 0;
    %jmp T_17.6;
T_17.6 ;
    %pop/vec4 1;
T_17.1 ;
    %jmp T_17;
    .thread T_17;
    .scope S_0000023b6406e0a0;
T_18 ;
    %wait E_0000023b640b7670;
    %load/vec4 v0000023b64114820_0;
    %nor/r;
    %flag_set/vec4 8;
    %jmp/0xz  T_18.0, 8;
    %pushi/vec4 0, 0, 1;
    %assign/vec4 v0000023b64116c90_0, 0;
    %jmp T_18.1;
T_18.0 ;
    %load/vec4 v0000023b64114d20_0;
    %cmpi/e 0, 0, 2;
    %flag_get/vec4 4;
    %jmp/0 T_18.4, 4;
    %load/vec4 v0000023b64115860_0;
    %pushi/vec4 1, 0, 2;
    %cmp/e;
    %flag_get/vec4 4;
    %and;
T_18.4;
    %flag_set/vec4 8;
    %jmp/0xz  T_18.2, 8;
    %pushi/vec4 1, 0, 1;
    %assign/vec4 v0000023b64116c90_0, 0;
    %jmp T_18.3;
T_18.2 ;
    %load/vec4 v0000023b64114d20_0;
    %cmpi/e 1, 0, 2;
    %jmp/0xz  T_18.5, 4;
    %pushi/vec4 0, 0, 1;
    %assign/vec4 v0000023b64116c90_0, 0;
    %jmp T_18.6;
T_18.5 ;
    %load/vec4 v0000023b64116c90_0;
    %assign/vec4 v0000023b64116c90_0, 0;
T_18.6 ;
T_18.3 ;
T_18.1 ;
    %jmp T_18;
    .thread T_18;
    .scope S_0000023b6406e0a0;
T_19 ;
    %wait E_0000023b640b6970;
    %load/vec4 v0000023b64114d20_0;
    %dup/vec4;
    %pushi/vec4 0, 0, 2;
    %cmp/u;
    %jmp/1 T_19.0, 6;
    %dup/vec4;
    %pushi/vec4 1, 0, 2;
    %cmp/u;
    %jmp/1 T_19.1, 6;
    %load/vec4 v0000023b64115720_0;
    %store/vec4 v0000023b64116440_0, 0, 8;
    %jmp T_19.3;
T_19.0 ;
    %load/vec4 v0000023b64115720_0;
    %store/vec4 v0000023b64116440_0, 0, 8;
    %jmp T_19.3;
T_19.1 ;
    %load/vec4 v0000023b64115900_0;
    %load/vec4 v0000023b64115ae0_0;
    %cmp/e;
    %jmp/0xz  T_19.4, 4;
    %load/vec4 v0000023b64115720_0;
    %addi 2, 0, 8;
    %store/vec4 v0000023b64116440_0, 0, 8;
    %jmp T_19.5;
T_19.4 ;
    %load/vec4 v0000023b64116c90_0;
    %flag_set/vec4 8;
    %jmp/0xz  T_19.6, 8;
    %load/vec4 v0000023b64116440_0;
    %load/vec4 v0000023b64118310_0;
    %pad/u 8;
    %sub;
    %store/vec4 v0000023b64116440_0, 0, 8;
    %jmp T_19.7;
T_19.6 ;
    %load/vec4 v0000023b64115720_0;
    %store/vec4 v0000023b64116440_0, 0, 8;
T_19.7 ;
T_19.5 ;
    %jmp T_19.3;
T_19.3 ;
    %pop/vec4 1;
    %jmp T_19;
    .thread T_19, $push;
    .scope S_0000023b6406e0a0;
T_20 ;
    %wait E_0000023b640b7670;
    %load/vec4 v0000023b64114820_0;
    %nor/r;
    %flag_set/vec4 8;
    %jmp/0xz  T_20.0, 8;
    %pushi/vec4 200, 0, 8;
    %assign/vec4 v0000023b64115720_0, 0;
    %jmp T_20.1;
T_20.0 ;
    %load/vec4 v0000023b64116440_0;
    %assign/vec4 v0000023b64115720_0, 0;
T_20.1 ;
    %jmp T_20;
    .thread T_20;
    .scope S_0000023b6406e0a0;
T_21 ;
    %wait E_0000023b640b7670;
    %load/vec4 v0000023b64114820_0;
    %nor/r;
    %flag_set/vec4 8;
    %jmp/0xz  T_21.0, 8;
    %pushi/vec4 0, 0, 2;
    %assign/vec4 v0000023b64114d20_0, 0;
    %jmp T_21.1;
T_21.0 ;
    %load/vec4 v0000023b64115860_0;
    %assign/vec4 v0000023b64114d20_0, 0;
T_21.1 ;
    %jmp T_21;
    .thread T_21;
    .scope S_0000023b6406e0a0;
T_22 ;
    %wait E_0000023b640b6ef0;
    %load/vec4 v0000023b64114d20_0;
    %dup/vec4;
    %pushi/vec4 0, 0, 2;
    %cmp/u;
    %jmp/1 T_22.0, 6;
    %dup/vec4;
    %pushi/vec4 1, 0, 2;
    %cmp/u;
    %jmp/1 T_22.1, 6;
    %dup/vec4;
    %pushi/vec4 2, 0, 2;
    %cmp/u;
    %jmp/1 T_22.2, 6;
    %pushi/vec4 0, 0, 2;
    %store/vec4 v0000023b64115860_0, 0, 2;
    %jmp T_22.4;
T_22.0 ;
    %load/vec4 v0000023b64114f00_0;
    %flag_set/vec4 8;
    %jmp/0 T_22.5, 8;
    %pushi/vec4 1, 0, 2;
    %jmp/1 T_22.6, 8;
T_22.5 ; End of true expr.
    %pushi/vec4 0, 0, 2;
    %jmp/0 T_22.6, 8;
 ; End of false expr.
    %blend;
T_22.6;
    %store/vec4 v0000023b64115860_0, 0, 2;
    %jmp T_22.4;
T_22.1 ;
    %load/vec4 v0000023b641157c0_0;
    %flag_set/vec4 8;
    %jmp/0 T_22.7, 8;
    %pushi/vec4 2, 0, 2;
    %jmp/1 T_22.8, 8;
T_22.7 ; End of true expr.
    %pushi/vec4 1, 0, 2;
    %jmp/0 T_22.8, 8;
 ; End of false expr.
    %blend;
T_22.8;
    %store/vec4 v0000023b64115860_0, 0, 2;
    %jmp T_22.4;
T_22.2 ;
    %load/vec4 v0000023b641146e0_0;
    %flag_set/vec4 8;
    %jmp/0 T_22.9, 8;
    %pushi/vec4 0, 0, 2;
    %jmp/1 T_22.10, 8;
T_22.9 ; End of true expr.
    %pushi/vec4 2, 0, 2;
    %jmp/0 T_22.10, 8;
 ; End of false expr.
    %blend;
T_22.10;
    %store/vec4 v0000023b64115860_0, 0, 2;
    %jmp T_22.4;
T_22.4 ;
    %pop/vec4 1;
    %jmp T_22;
    .thread T_22, $push;
    .scope S_0000023b64078120;
T_23 ;
    %delay 5000, 0;
    %load/vec4 v0000023b64117730_0;
    %inv;
    %store/vec4 v0000023b64117730_0, 0, 1;
    %jmp T_23;
    .thread T_23;
    .scope S_0000023b64078120;
T_24 ;
    %pushi/vec4 0, 0, 1;
    %store/vec4 v0000023b64117730_0, 0, 1;
    %pushi/vec4 0, 0, 1;
    %store/vec4 v0000023b641170f0_0, 0, 1;
    %pushi/vec4 0, 0, 1;
    %store/vec4 v0000023b64116e70_0, 0, 1;
    %pushi/vec4 0, 0, 7;
    %store/vec4 v0000023b64116b50_0, 0, 7;
    %pushi/vec4 0, 0, 1;
    %store/vec4 v0000023b64118450_0, 0, 1;
    %pushi/vec4 0, 0, 1;
    %store/vec4 v0000023b64116d30_0, 0, 1;
    %delay 10000, 0;
    %pushi/vec4 1, 0, 1;
    %store/vec4 v0000023b641170f0_0, 0, 1;
    %delay 20000, 0;
    %pushi/vec4 85, 0, 7;
    %store/vec4 v0000023b64116b50_0, 0, 7;
    %delay 10000, 0;
    %pushi/vec4 1, 0, 1;
    %store/vec4 v0000023b64118450_0, 0, 1;
    %delay 10000, 0;
    %pushi/vec4 0, 0, 1;
    %store/vec4 v0000023b64118450_0, 0, 1;
    %delay 100000, 0;
    %pushi/vec4 1, 0, 1;
    %store/vec4 v0000023b64116d30_0, 0, 1;
    %delay 10000, 0;
    %pushi/vec4 0, 0, 1;
    %store/vec4 v0000023b64116d30_0, 0, 1;
    %delay 10000, 0;
    %load/vec4 v0000023b64116830_0;
    %load/vec4 v0000023b64116b50_0;
    %cmp/e;
    %jmp/0xz  T_24.0, 4;
    %vpi_call 4 63 "$display", "Test case 2 passed!" {0 0 0};
    %jmp T_24.1;
T_24.0 ;
    %vpi_call 4 65 "$display", "Test case 2 failed!" {0 0 0};
T_24.1 ;
    %delay 20000, 0;
    %pushi/vec4 1, 0, 1;
    %store/vec4 v0000023b64116e70_0, 0, 1;
    %delay 10000, 0;
    %pushi/vec4 0, 0, 1;
    %store/vec4 v0000023b64116e70_0, 0, 1;
    %delay 20000, 0;
    %pushi/vec4 42, 0, 7;
    %store/vec4 v0000023b64116b50_0, 0, 7;
    %delay 10000, 0;
    %pushi/vec4 1, 0, 1;
    %store/vec4 v0000023b64118450_0, 0, 1;
    %delay 10000, 0;
    %pushi/vec4 0, 0, 1;
    %store/vec4 v0000023b64118450_0, 0, 1;
    %delay 100000, 0;
    %pushi/vec4 1, 0, 1;
    %store/vec4 v0000023b64116d30_0, 0, 1;
    %delay 10000, 0;
    %pushi/vec4 0, 0, 1;
    %store/vec4 v0000023b64116d30_0, 0, 1;
    %delay 10000, 0;
    %load/vec4 v0000023b64116830_0;
    %load/vec4 v0000023b64116b50_0;
    %cmp/e;
    %jmp/0xz  T_24.2, 4;
    %vpi_call 4 79 "$display", "Test case 4 passed!" {0 0 0};
    %jmp T_24.3;
T_24.2 ;
    %vpi_call 4 81 "$display", "Test case 4 failed!" {0 0 0};
T_24.3 ;
    %delay 20000, 0;
    %pushi/vec4 102, 0, 7;
    %store/vec4 v0000023b64116b50_0, 0, 7;
    %delay 10000, 0;
    %pushi/vec4 1, 0, 1;
    %store/vec4 v0000023b64118450_0, 0, 1;
    %delay 10000, 0;
    %pushi/vec4 0, 0, 1;
    %store/vec4 v0000023b64118450_0, 0, 1;
    %delay 10000, 0;
    %load/vec4 v0000023b64118310_0;
    %pad/u 32;
    %cmpi/e 4, 0, 32;
    %jmp/0xz  T_24.4, 4;
    %vpi_call 4 89 "$display", "Test case 5 passed!" {0 0 0};
    %jmp T_24.5;
T_24.4 ;
    %vpi_call 4 91 "$display", "Test case 5 failed!" {0 0 0};
T_24.5 ;
    %delay 100000, 0;
    %pushi/vec4 1, 0, 1;
    %store/vec4 v0000023b64116d30_0, 0, 1;
    %delay 10000, 0;
    %pushi/vec4 0, 0, 1;
    %store/vec4 v0000023b64116d30_0, 0, 1;
    %delay 10000, 0;
    %load/vec4 v0000023b64115720_0;
    %pad/u 9;
    %cmpi/e 196, 0, 9;
    %jmp/0xz  T_24.6, 4;
    %vpi_call 4 98 "$display", "Test case 6 passed!" {0 0 0};
    %jmp T_24.7;
T_24.6 ;
    %vpi_call 4 100 "$display", "Test case 6 failed!" {0 0 0};
T_24.7 ;
    %delay 20000, 0;
    %vpi_call 4 103 "$finish" {0 0 0};
    %end;
    .thread T_24;
    .scope S_0000023b64078120;
T_25 ;
    %wait E_0000023b640b6e70;
    %vpi_call 4 108 "$display", "Time: %0t, State: %b, DIP: %b, Guess: %b, LED: %b, One: %b, Ten: %b, Hundred: %b", $time, v0000023b64114d20_0, v0000023b64116b50_0, v0000023b64116830_0, v0000023b641175f0_0, v0000023b641166f0_0, v0000023b64117190_0, v0000023b641183b0_0 {0 0 0};
    %jmp T_25;
    .thread T_25;
    .scope S_0000023b64078120;
T_26 ;
    %vpi_call 4 113 "$dumpfile", "wave.vcd" {0 0 0};
    %vpi_call 4 114 "$dumpvars", 32'sb00000000000000000000000000000000, S_0000023b64078120 {0 0 0};
    %end;
    .thread T_26;
    .scope S_0000023b6406df10;
T_27 ;
    %wait E_0000023b640b71f0;
    %load/vec4 v0000023b64117690_0;
    %dup/vec4;
    %pushi/vec4 0, 0, 4;
    %cmp/u;
    %jmp/1 T_27.0, 6;
    %dup/vec4;
    %pushi/vec4 1, 0, 4;
    %cmp/u;
    %jmp/1 T_27.1, 6;
    %dup/vec4;
    %pushi/vec4 2, 0, 4;
    %cmp/u;
    %jmp/1 T_27.2, 6;
    %dup/vec4;
    %pushi/vec4 3, 0, 4;
    %cmp/u;
    %jmp/1 T_27.3, 6;
    %dup/vec4;
    %pushi/vec4 4, 0, 4;
    %cmp/u;
    %jmp/1 T_27.4, 6;
    %dup/vec4;
    %pushi/vec4 5, 0, 4;
    %cmp/u;
    %jmp/1 T_27.5, 6;
    %dup/vec4;
    %pushi/vec4 6, 0, 4;
    %cmp/u;
    %jmp/1 T_27.6, 6;
    %dup/vec4;
    %pushi/vec4 7, 0, 4;
    %cmp/u;
    %jmp/1 T_27.7, 6;
    %dup/vec4;
    %pushi/vec4 8, 0, 4;
    %cmp/u;
    %jmp/1 T_27.8, 6;
    %dup/vec4;
    %pushi/vec4 9, 0, 4;
    %cmp/u;
    %jmp/1 T_27.9, 6;
    %pushi/vec4 0, 0, 4;
    %assign/vec4 v0000023b641177d0_0, 0;
    %jmp T_27.11;
T_27.0 ;
    %pushi/vec4 0, 0, 4;
    %assign/vec4 v0000023b641177d0_0, 0;
    %jmp T_27.11;
T_27.1 ;
    %pushi/vec4 1, 0, 4;
    %assign/vec4 v0000023b641177d0_0, 0;
    %jmp T_27.11;
T_27.2 ;
    %pushi/vec4 2, 0, 4;
    %assign/vec4 v0000023b641177d0_0, 0;
    %jmp T_27.11;
T_27.3 ;
    %pushi/vec4 3, 0, 4;
    %assign/vec4 v0000023b641177d0_0, 0;
    %jmp T_27.11;
T_27.4 ;
    %pushi/vec4 4, 0, 4;
    %assign/vec4 v0000023b641177d0_0, 0;
    %jmp T_27.11;
T_27.5 ;
    %pushi/vec4 8, 0, 4;
    %assign/vec4 v0000023b641177d0_0, 0;
    %jmp T_27.11;
T_27.6 ;
    %pushi/vec4 9, 0, 4;
    %assign/vec4 v0000023b641177d0_0, 0;
    %jmp T_27.11;
T_27.7 ;
    %pushi/vec4 10, 0, 4;
    %assign/vec4 v0000023b641177d0_0, 0;
    %jmp T_27.11;
T_27.8 ;
    %pushi/vec4 11, 0, 4;
    %assign/vec4 v0000023b641177d0_0, 0;
    %jmp T_27.11;
T_27.9 ;
    %pushi/vec4 12, 0, 4;
    %assign/vec4 v0000023b641177d0_0, 0;
    %jmp T_27.11;
T_27.11 ;
    %pop/vec4 1;
    %jmp T_27;
    .thread T_27, $push;
# The file index is used to find the file name in the following table.
:file_names 11;
    "N/A";
    "<interactive>";
    "D_FF.v";
    "Debounce.v";
    "Top_tb.v";
    "Top.v";
    "Pseudo_Random.v";
    "scan.v";
    "binary_to_BCD.v";
    "edge_detect.v";
    "add3.v";
